[28-Oct-2020 10:42:51 Europe/Berlin] PHP Warning:  file_get_contents(C:\xampp\htdocs\akss\app\merchants_data.json): failed to open stream: No such file or directory in C:\xampp\htdocs\akss\app\models\Ajax.php on line 64
[28-Oct-2020 10:42:51 Europe/Berlin] PHP Warning:  Invalid argument supplied for foreach() in C:\xampp\htdocs\akss\app\models\Ajax.php on line 122
[28-Oct-2020 10:44:37 Europe/Berlin] PHP Warning:  file_get_contents(C:\xampp\htdocs\akss\app\merchants_data.json): failed to open stream: No such file or directory in C:\xampp\htdocs\akss\app\models\Ajax.php on line 64
[28-Oct-2020 10:44:37 Europe/Berlin] PHP Warning:  Invalid argument supplied for foreach() in C:\xampp\htdocs\akss\app\models\Ajax.php on line 122
[28-Oct-2020 10:44:53 Europe/Berlin] PHP Warning:  file_get_contents(C:\xampp\htdocs\akss\app\merchants_data.json): failed to open stream: No such file or directory in C:\xampp\htdocs\akss\app\models\Ajax.php on line 64
[28-Oct-2020 10:44:53 Europe/Berlin] PHP Warning:  Invalid argument supplied for foreach() in C:\xampp\htdocs\akss\app\models\Ajax.php on line 122
[28-Oct-2020 10:48:29 Europe/Berlin] PHP Warning:  file_get_contents(C:\xampp\htdocs\akss\app\merchants_data.json): failed to open stream: No such file or directory in C:\xampp\htdocs\akss\app\models\Ajax.php on line 64
[28-Oct-2020 10:48:29 Europe/Berlin] PHP Warning:  Invalid argument supplied for foreach() in C:\xampp\htdocs\akss\app\models\Ajax.php on line 122
[28-Oct-2020 10:50:38 Europe/Berlin] PHP Warning:  file_get_contents(C:\xampp\htdocs\akss\app\merchants_data.json): failed to open stream: No such file or directory in C:\xampp\htdocs\akss\app\models\Ajax.php on line 68
[28-Oct-2020 10:50:46 Europe/Berlin] PHP Warning:  file_get_contents(C:\xampp\htdocs\akss\app\merchants_data.json): failed to open stream: No such file or directory in C:\xampp\htdocs\akss\app\models\Ajax.php on line 68
[28-Oct-2020 10:50:59 Europe/Berlin] PHP Warning:  file_get_contents(C:\xampp\htdocs\akss\app\merchants_data.json): failed to open stream: No such file or directory in C:\xampp\htdocs\akss\app\models\Ajax.php on line 68
[28-Oct-2020 11:01:01 Europe/Berlin] PHP Warning:  file_get_contents(C:\xampp\htdocs\akss\app\merchants_data.json): failed to open stream: No such file or directory in C:\xampp\htdocs\akss\app\models\Ajax.php on line 68
[28-Oct-2020 11:01:02 Europe/Berlin] PHP Warning:  Invalid argument supplied for foreach() in C:\xampp\htdocs\akss\app\models\Ajax.php on line 126
[28-Oct-2020 11:01:54 Europe/Berlin] PHP Warning:  file_get_contents(C:\xampp\htdocs\akss\app\merchants_data.json): failed to open stream: No such file or directory in C:\xampp\htdocs\akss\app\models\Ajax.php on line 68
[28-Oct-2020 11:01:54 Europe/Berlin] PHP Warning:  Invalid argument supplied for foreach() in C:\xampp\htdocs\akss\app\models\Ajax.php on line 126
[28-Oct-2020 11:12:35 Europe/Berlin] PHP Notice:  Trying to get property 'merchant_id' of non-object in C:\xampp\htdocs\akss\app\views\layouts\modal.php on line 60
[28-Oct-2020 11:12:35 Europe/Berlin] PHP Notice:  Trying to get property 'merchant_name' of non-object in C:\xampp\htdocs\akss\app\views\layouts\modal.php on line 73
[28-Oct-2020 11:12:35 Europe/Berlin] PHP Notice:  Trying to get property 'merchant_id' of non-object in C:\xampp\htdocs\akss\app\views\layouts\modal.php on line 73
[28-Oct-2020 11:12:35 Europe/Berlin] PHP Notice:  Trying to get property 'checksum_data' of non-object in C:\xampp\htdocs\akss\app\views\layouts\modal.php on line 74
[28-Oct-2020 11:12:35 Europe/Berlin] PHP Notice:  Trying to get property 'lastupdate' of non-object in C:\xampp\htdocs\akss\app\views\layouts\modal.php on line 75
[28-Oct-2020 11:12:35 Europe/Berlin] PHP Notice:  Trying to get property 'merchant_id' of non-object in C:\xampp\htdocs\akss\app\views\layouts\modal.php on line 60
[28-Oct-2020 11:12:35 Europe/Berlin] PHP Notice:  Trying to get property 'merchant_name' of non-object in C:\xampp\htdocs\akss\app\views\layouts\modal.php on line 73
[28-Oct-2020 11:12:35 Europe/Berlin] PHP Notice:  Trying to get property 'merchant_id' of non-object in C:\xampp\htdocs\akss\app\views\layouts\modal.php on line 73
[28-Oct-2020 11:12:35 Europe/Berlin] PHP Notice:  Trying to get property 'checksum_data' of non-object in C:\xampp\htdocs\akss\app\views\layouts\modal.php on line 74
[28-Oct-2020 11:12:35 Europe/Berlin] PHP Notice:  Trying to get property 'lastupdate' of non-object in C:\xampp\htdocs\akss\app\views\layouts\modal.php on line 75
[28-Oct-2020 11:12:35 Europe/Berlin] PHP Notice:  Trying to get property 'merchant_id' of non-object in C:\xampp\htdocs\akss\app\views\layouts\modal.php on line 60
[28-Oct-2020 11:12:35 Europe/Berlin] PHP Notice:  Trying to get property 'merchant_name' of non-object in C:\xampp\htdocs\akss\app\views\layouts\modal.php on line 73
[28-Oct-2020 11:12:35 Europe/Berlin] PHP Notice:  Trying to get property 'merchant_id' of non-object in C:\xampp\htdocs\akss\app\views\layouts\modal.php on line 73
[28-Oct-2020 11:12:35 Europe/Berlin] PHP Notice:  Trying to get property 'checksum_data' of non-object in C:\xampp\htdocs\akss\app\views\layouts\modal.php on line 74
[28-Oct-2020 11:12:35 Europe/Berlin] PHP Notice:  Trying to get property 'lastupdate' of non-object in C:\xampp\htdocs\akss\app\views\layouts\modal.php on line 75
[28-Oct-2020 11:12:35 Europe/Berlin] PHP Notice:  Trying to get property 'merchant_id' of non-object in C:\xampp\htdocs\akss\app\views\layouts\modal.php on line 60
[28-Oct-2020 11:12:35 Europe/Berlin] PHP Notice:  Trying to get property 'merchant_name' of non-object in C:\xampp\htdocs\akss\app\views\layouts\modal.php on line 73
[28-Oct-2020 11:12:35 Europe/Berlin] PHP Notice:  Trying to get property 'merchant_id' of non-object in C:\xampp\htdocs\akss\app\views\layouts\modal.php on line 73
[28-Oct-2020 11:12:35 Europe/Berlin] PHP Notice:  Trying to get property 'checksum_data' of non-object in C:\xampp\htdocs\akss\app\views\layouts\modal.php on line 74
[28-Oct-2020 11:12:35 Europe/Berlin] PHP Notice:  Trying to get property 'lastupdate' of non-object in C:\xampp\htdocs\akss\app\views\layouts\modal.php on line 75
[28-Oct-2020 11:12:35 Europe/Berlin] PHP Notice:  Trying to get property 'merchant_id' of non-object in C:\xampp\htdocs\akss\app\views\layouts\modal.php on line 60
[28-Oct-2020 11:12:35 Europe/Berlin] PHP Notice:  Trying to get property 'merchant_name' of non-object in C:\xampp\htdocs\akss\app\views\layouts\modal.php on line 73
[28-Oct-2020 11:12:35 Europe/Berlin] PHP Notice:  Trying to get property 'merchant_id' of non-object in C:\xampp\htdocs\akss\app\views\layouts\modal.php on line 73
[28-Oct-2020 11:12:35 Europe/Berlin] PHP Notice:  Trying to get property 'checksum_data' of non-object in C:\xampp\htdocs\akss\app\views\layouts\modal.php on line 74
[28-Oct-2020 11:12:35 Europe/Berlin] PHP Notice:  Trying to get property 'lastupdate' of non-object in C:\xampp\htdocs\akss\app\views\layouts\modal.php on line 75
