[21-Apr-2021 16:52:45 Asia/Manila] PHP Fatal error:  Uncaught PDOException: SQLSTATE[HY000]: General error: 1017 Can't find file: '.\aks_bot_teamph\aks_checksum.MYI' (errno: 2 "No such file or directory") in D:\xampp\htdocs\akss\core\DB.php:35
Stack trace:
#0 D:\xampp\htdocs\akss\core\DB.php(35): PDO->prepare('SELECT COUNT(id...')
#1 D:\xampp\htdocs\akss\app\models\Ajax.php(360): Core\DB->query('SELECT COUNT(id...')
#2 D:\xampp\htdocs\akss\app\controllers\DashboardController.php(20): App\Models\Ajax::ajaxData('displayCheckSum...')
#3 [internal function]: App\Controllers\DashboardController->indexAction()
#4 D:\xampp\htdocs\akss\core\Router.php(35): call_user_func_array(Array, Array)
#5 D:\xampp\htdocs\akss\index.php(34): Core\Router::route(Array)
#6 {main}
  thrown in D:\xampp\htdocs\akss\core\DB.php on line 35
[22-Apr-2021 16:47:36 Asia/Manila] PHP Fatal error:  Uncaught PDOException: SQLSTATE[HY000]: General error: 1017 Can't find file: '.\aks_bot_teamph\aks_checksum.MYI' (errno: 2 "No such file or directory") in D:\xampp\htdocs\akss\core\DB.php:35
Stack trace:
#0 D:\xampp\htdocs\akss\core\DB.php(35): PDO->prepare('SELECT COUNT(id...')
#1 D:\xampp\htdocs\akss\app\models\Ajax.php(360): Core\DB->query('SELECT COUNT(id...')
#2 D:\xampp\htdocs\akss\app\controllers\DashboardController.php(20): App\Models\Ajax::ajaxData('displayCheckSum...')
#3 [internal function]: App\Controllers\DashboardController->indexAction()
#4 D:\xampp\htdocs\akss\core\Router.php(35): call_user_func_array(Array, Array)
#5 D:\xampp\htdocs\akss\index.php(34): Core\Router::route(Array)
#6 {main}
  thrown in D:\xampp\htdocs\akss\core\DB.php on line 35
[22-Apr-2021 11:17:02 Europe/Berlin] PHP Notice:  A non well formed numeric value encountered in D:\xampp\htdocs\akss\app\models\Users.php on line 77
[22-Apr-2021 17:17:03 Asia/Manila] PHP Fatal error:  Uncaught PDOException: SQLSTATE[HY000]: General error: 1017 Can't find file: '.\aks_bot_teamph\aks_checksum.MYI' (errno: 2 "No such file or directory") in D:\xampp\htdocs\akss\core\DB.php:35
Stack trace:
#0 D:\xampp\htdocs\akss\core\DB.php(35): PDO->prepare('SELECT COUNT(id...')
#1 D:\xampp\htdocs\akss\app\models\Ajax.php(360): Core\DB->query('SELECT COUNT(id...')
#2 D:\xampp\htdocs\akss\app\controllers\DashboardController.php(20): App\Models\Ajax::ajaxData('displayCheckSum...')
#3 [internal function]: App\Controllers\DashboardController->indexAction()
#4 D:\xampp\htdocs\akss\core\Router.php(35): call_user_func_array(Array, Array)
#5 D:\xampp\htdocs\akss\index.php(34): Core\Router::route(Array)
#6 {main}
  thrown in D:\xampp\htdocs\akss\core\DB.php on line 35
[22-Apr-2021 18:01:21 Asia/Manila] PHP Notice:  Undefined offset: 2 in D:\xampp\htdocs\akss\app\models\Ajax.php on line 688
[22-Apr-2021 18:16:02 Asia/Manila] PHP Notice:  Undefined offset: 1 in D:\xampp\htdocs\akss\app\models\Ajax.php on line 691
[22-Apr-2021 18:17:16 Asia/Manila] PHP Fatal error:  Uncaught PDOException: SQLSTATE[21S01]: Insert value list does not match column list: 1136 Column count doesn't match value count at row 1 in D:\xampp\htdocs\akss\core\DB.php:35
Stack trace:
#0 D:\xampp\htdocs\akss\core\DB.php(35): PDO->prepare('INSERT INTO `ak...')
#1 D:\xampp\htdocs\akss\app\models\Ajax.php(745): Core\DB->query('INSERT INTO `ak...')
#2 D:\xampp\htdocs\akss\app\controllers\ReportsController.php(25): App\Models\Ajax::ajaxData('cr-submit-repor...')
#3 D:\xampp\htdocs\akss\app\controllers\ReportsController.php(18): App\Controllers\ReportsController->ajaxFunction()
#4 [internal function]: App\Controllers\ReportsController->indexAction()
#5 D:\xampp\htdocs\akss\core\Router.php(35): call_user_func_array(Array, Array)
#6 D:\xampp\htdocs\akss\index.php(34): Core\Router::route(Array)
#7 {main}
  thrown in D:\xampp\htdocs\akss\core\DB.php on line 35
[22-Apr-2021 18:17:39 Asia/Manila] PHP Fatal error:  Uncaught PDOException: SQLSTATE[21S01]: Insert value list does not match column list: 1136 Column count doesn't match value count at row 1 in D:\xampp\htdocs\akss\core\DB.php:35
Stack trace:
#0 D:\xampp\htdocs\akss\core\DB.php(35): PDO->prepare('INSERT INTO `ak...')
#1 D:\xampp\htdocs\akss\app\models\Ajax.php(745): Core\DB->query('INSERT INTO `ak...')
#2 D:\xampp\htdocs\akss\app\controllers\ReportsController.php(25): App\Models\Ajax::ajaxData('cr-submit-repor...')
#3 D:\xampp\htdocs\akss\app\controllers\ReportsController.php(18): App\Controllers\ReportsController->ajaxFunction()
#4 [internal function]: App\Controllers\ReportsController->indexAction()
#5 D:\xampp\htdocs\akss\core\Router.php(35): call_user_func_array(Array, Array)
#6 D:\xampp\htdocs\akss\index.php(34): Core\Router::route(Array)
#7 {main}
  thrown in D:\xampp\htdocs\akss\core\DB.php on line 35
